<?xml version="1.0" encoding="UTF-8"?>
<!-- Generated by org.testng.reporters.JUnitXMLReporter -->
<testsuite ignored="0" hostname="Harneets-MacBook-Pro.local" failures="0" tests="3" name="UserMenuDropDown" time="5.611" errors="0" timestamp="2023-10-06T12:24:54 EDT">
  <testcase classname="com.training.testcases.SFDC_Test" name="@BeforeMethod beforeMethod" time="5.544">
    <failure type="java.lang.NoSuchMethodError" message="&amp;apos;void org.openqa.selenium.support.PageFactory.initElements(org.openqa.selenium.WebDriver, java.lang.Object)&amp;apos;">
      <![CDATA[java.lang.NoSuchMethodError: 'void org.openqa.selenium.support.PageFactory.initElements(org.openqa.selenium.WebDriver, java.lang.Object)'
at com.training.base.BasePage.<init>(BasePage.java:17)
at com.training.pages.SFDC_loginPage.<init>(SFDC_loginPage.java:14)
at com.training.testcases.SFDC_Test.beforeMethod(SFDC_Test.java:26)
at java.base/java.util.ArrayList.forEach(ArrayList.java:1511)
... Removed 31 stack frames]]>
    </failure>
  </testcase> <!-- @BeforeMethod beforeMethod -->
  <testcase classname="com.training.testcases.SFDC_Test" name="@AfterMethod tearDown" time="0.0">
    <skipped/>
  </testcase> <!-- @AfterMethod tearDown -->
  <testcase classname="com.training.testcases.SFDC_Test" name="@BeforeMethod beforeMethod" time="0.0">
    <skipped/>
  </testcase> <!-- @BeforeMethod beforeMethod -->
  <testcase classname="com.training.testcases.SFDC_Test" name="@AfterMethod tearDown" time="0.0">
    <skipped/>
  </testcase> <!-- @AfterMethod tearDown -->
  <testcase classname="com.training.testcases.SFDC_Test" name="@BeforeMethod beforeMethod" time="0.0">
    <skipped/>
  </testcase> <!-- @BeforeMethod beforeMethod -->
  <testcase classname="com.training.testcases.SFDC_Test" name="@AfterMethod tearDown" time="0.0">
    <skipped/>
  </testcase> <!-- @AfterMethod tearDown -->
  <testcase classname="com.training.testcases.SFDC_Test" name="checkRememberMe" time="0.0">
    <skipped/>
  </testcase> <!-- checkRememberMe -->
  <testcase classname="com.training.testcases.SFDC_Test" name="loginError" time="0.0">
    <skipped/>
  </testcase> <!-- loginError -->
  <testcase classname="com.training.testcases.SFDC_Test" name="loginSucess" time="0.0">
    <skipped/>
  </testcase> <!-- loginSucess -->
</testsuite> <!-- UserMenuDropDown -->
