<?xml version="1.0" encoding="UTF-8"?>
<!-- Generated by org.testng.reporters.JUnitXMLReporter -->
<testsuite ignored="0" hostname="Harneets-MacBook-Pro.local" failures="0" tests="3" name="EdgeTest" time="0.16" errors="0" timestamp="2024-02-02T15:02:43 EST">
  <testcase classname="com.training.testcases.SFDC_Test" name="@BeforeMethod beforeMethod" time="0.013">
    <failure type="java.lang.NullPointerException" message="Cannot invoke &amp;quot;org.openqa.selenium.WebDriver.get(String)&amp;quot; because &amp;quot;this.driver&amp;quot; is null">
      <![CDATA[java.lang.NullPointerException: Cannot invoke "org.openqa.selenium.WebDriver.get(String)" because "this.driver" is null
at com.training.testcases.SFDC_Test.beforeMethod(SFDC_Test.java:30)
at java.base/java.util.ArrayList.forEach(ArrayList.java:1511)
at java.base/java.util.concurrent.FutureTask.run(FutureTask.java:264)
at java.base/java.util.concurrent.ThreadPoolExecutor.runWorker(ThreadPoolExecutor.java:1130)
at java.base/java.util.concurrent.ThreadPoolExecutor$Worker.run(ThreadPoolExecutor.java:630)
at java.base/java.lang.Thread.run(Thread.java:832)
... Removed 22 stack frames]]>
    </failure>
  </testcase> <!-- @BeforeMethod beforeMethod -->
  <testcase classname="com.training.testcases.SFDC_Test" name="@AfterMethod tearDown" time="0.0">
    <skipped/>
  </testcase> <!-- @AfterMethod tearDown -->
  <testcase classname="com.training.testcases.SFDC_Test" name="@BeforeMethod beforeMethod" time="0.0">
    <skipped/>
  </testcase> <!-- @BeforeMethod beforeMethod -->
  <testcase classname="com.training.testcases.SFDC_Test" name="@AfterMethod tearDown" time="0.0">
    <skipped/>
  </testcase> <!-- @AfterMethod tearDown -->
  <testcase classname="com.training.testcases.SFDC_Test" name="@BeforeMethod beforeMethod" time="0.0">
    <skipped/>
  </testcase> <!-- @BeforeMethod beforeMethod -->
  <testcase classname="com.training.testcases.SFDC_Test" name="@AfterMethod tearDown" time="0.0">
    <skipped/>
  </testcase> <!-- @AfterMethod tearDown -->
  <testcase classname="com.training.testcases.SFDC_Test" name="checkRememberMe" time="0.0">
    <skipped/>
  </testcase> <!-- checkRememberMe -->
  <testcase classname="com.training.testcases.SFDC_Test" name="loginError" time="0.0">
    <skipped/>
  </testcase> <!-- loginError -->
  <testcase classname="com.training.testcases.SFDC_Test" name="loginSucess" time="0.0">
    <skipped/>
  </testcase> <!-- loginSucess -->
</testsuite> <!-- EdgeTest -->
