<?xml version="1.0" encoding="UTF-8"?>
<!-- Generated by org.testng.reporters.JUnitXMLReporter -->
<testsuite ignored="1" hostname="Harneets-MBP" failures="0" tests="1" name="Default test" time="8.691" errors="0" timestamp="2024-07-17T21:40:55 EDT">
  <testcase classname="com.training.testcases.LoginTest" name="login" time="1.334"/>
  <testcase classname="com.training.testcases.LoginTest" name="loginandclickonhometab" time="0.0">
    <ignored/>
  </testcase> <!-- loginandclickonhometab -->
</testsuite> <!-- Default test -->
