<?xml version="1.0" encoding="UTF-8"?>
<testng-results ignored="0" total="4" passed="4" failed="0" skipped="0">
  <reporter-output>
  </reporter-output>
  <suite started-at="2024-07-17T21:42:04 EDT" name="CrossBrowser" finished-at="2024-07-17T21:42:24 EDT" duration-ms="20209">
    <groups>
    </groups>
    <test started-at="2024-07-17T21:42:04 EDT" name="FirefoxTest" finished-at="2024-07-17T21:42:15 EDT" duration-ms="11014">
      <class name="com.training.testcases.LoginTest">
        <test-method is-config="true" signature="beforemethod(java.lang.String)[pri:0, instance:com.training.testcases.LoginTest@f5acb9d]" started-at="2024-07-17T21:42:04 EDT" name="beforemethod" finished-at="2024-07-17T21:42:08 EDT" duration-ms="4098" status="PASS">
          <params>
            <param index="0">
              <value>
                <![CDATA[firefox]]>
              </value>
            </param>
          </params>
          <reporter-output>
          </reporter-output>
        </test-method> <!-- beforemethod -->
        <test-method signature="login()[pri:0, instance:com.training.testcases.LoginTest@f5acb9d]" started-at="2024-07-17T21:42:08 EDT" name="login" finished-at="2024-07-17T21:42:09 EDT" duration-ms="1237" status="PASS">
          <reporter-output>
          </reporter-output>
        </test-method> <!-- login -->
        <test-method is-config="true" signature="teardown()[pri:0, instance:com.training.testcases.LoginTest@f5acb9d]" started-at="2024-07-17T21:42:09 EDT" name="teardown" finished-at="2024-07-17T21:42:10 EDT" duration-ms="932" status="PASS">
          <reporter-output>
          </reporter-output>
        </test-method> <!-- teardown -->
        <test-method is-config="true" signature="beforemethod(java.lang.String)[pri:0, instance:com.training.testcases.LoginTest@f5acb9d]" started-at="2024-07-17T21:42:10 EDT" name="beforemethod" finished-at="2024-07-17T21:42:13 EDT" duration-ms="2822" status="PASS">
          <params>
            <param index="0">
              <value>
                <![CDATA[firefox]]>
              </value>
            </param>
          </params>
          <reporter-output>
          </reporter-output>
        </test-method> <!-- beforemethod -->
        <test-method signature="loginandclickonhometab()[pri:0, instance:com.training.testcases.LoginTest@f5acb9d]" started-at="2024-07-17T21:42:13 EDT" name="loginandclickonhometab" finished-at="2024-07-17T21:42:14 EDT" duration-ms="1117" status="PASS">
          <reporter-output>
          </reporter-output>
        </test-method> <!-- loginandclickonhometab -->
        <test-method is-config="true" signature="teardown()[pri:0, instance:com.training.testcases.LoginTest@f5acb9d]" started-at="2024-07-17T21:42:14 EDT" name="teardown" finished-at="2024-07-17T21:42:15 EDT" duration-ms="736" status="PASS">
          <reporter-output>
          </reporter-output>
        </test-method> <!-- teardown -->
      </class> <!-- com.training.testcases.LoginTest -->
    </test> <!-- FirefoxTest -->
    <test started-at="2024-07-17T21:42:04 EDT" name="ChromeTest" finished-at="2024-07-17T21:42:24 EDT" duration-ms="20209">
      <class name="com.training.testcases.LoginTest">
        <test-method is-config="true" signature="beforemethod(java.lang.String)[pri:0, instance:com.training.testcases.LoginTest@5f9b2141]" started-at="2024-07-17T21:42:04 EDT" name="beforemethod" finished-at="2024-07-17T21:42:13 EDT" duration-ms="9531" status="PASS">
          <params>
            <param index="0">
              <value>
                <![CDATA[chrome]]>
              </value>
            </param>
          </params>
          <reporter-output>
          </reporter-output>
        </test-method> <!-- beforemethod -->
        <test-method signature="login()[pri:0, instance:com.training.testcases.LoginTest@5f9b2141]" started-at="2024-07-17T21:42:13 EDT" name="login" finished-at="2024-07-17T21:42:16 EDT" duration-ms="2395" status="PASS">
          <reporter-output>
          </reporter-output>
        </test-method> <!-- login -->
        <test-method is-config="true" signature="teardown()[pri:0, instance:com.training.testcases.LoginTest@5f9b2141]" started-at="2024-07-17T21:42:16 EDT" name="teardown" finished-at="2024-07-17T21:42:16 EDT" duration-ms="402" status="PASS">
          <reporter-output>
          </reporter-output>
        </test-method> <!-- teardown -->
        <test-method is-config="true" signature="beforemethod(java.lang.String)[pri:0, instance:com.training.testcases.LoginTest@5f9b2141]" started-at="2024-07-17T21:42:16 EDT" name="beforemethod" finished-at="2024-07-17T21:42:22 EDT" duration-ms="5366" status="PASS">
          <params>
            <param index="0">
              <value>
                <![CDATA[chrome]]>
              </value>
            </param>
          </params>
          <reporter-output>
          </reporter-output>
        </test-method> <!-- beforemethod -->
        <test-method signature="loginandclickonhometab()[pri:0, instance:com.training.testcases.LoginTest@5f9b2141]" started-at="2024-07-17T21:42:22 EDT" name="loginandclickonhometab" finished-at="2024-07-17T21:42:24 EDT" duration-ms="2141" status="PASS">
          <reporter-output>
          </reporter-output>
        </test-method> <!-- loginandclickonhometab -->
        <test-method is-config="true" signature="teardown()[pri:0, instance:com.training.testcases.LoginTest@5f9b2141]" started-at="2024-07-17T21:42:24 EDT" name="teardown" finished-at="2024-07-17T21:42:24 EDT" duration-ms="337" status="PASS">
          <reporter-output>
          </reporter-output>
        </test-method> <!-- teardown -->
      </class> <!-- com.training.testcases.LoginTest -->
    </test> <!-- ChromeTest -->
  </suite> <!-- CrossBrowser -->
</testng-results>
