<?xml version="1.0" encoding="UTF-8"?>
<testsuite xmlns:xsi="http://www.w3.org/2001/XMLSchema-instance" xsi:noNamespaceSchemaLocation="https://maven.apache.org/surefire/maven-surefire-plugin/xsd/surefire-test-report-3.0.xsd" version="3.0" name="TestSuite" time="45.422" tests="4" errors="0" skipped="0" failures="0">
  <properties>
[...]
</properties>
  <testcase name="login" classname="com.training.testcases.LoginTest" time="1.547">
    <system-out><![CDATA[*** Test Suite ChromeTest started ***
*** Test Suite FirefoxTest started ***
2024-04-12 11:24:03 INFO  Log:17 - ****************           -S-T-A-R-T-TestCheck1       ****************
*** Running test method login...
Directory already exists: /Users/harneetkaur/eclipse-workspace/TestNGFramework/ExtentReport
2024-04-12 11:24:03 INFO  Log:31 - I am Logging in....
2024-04-12 11:24:04 INFO  Log:31 - Now,I am logged in
*** Executed login test successfully...
]]></system-out>
    <system-err><![CDATA[SLF4J: No SLF4J providers were found.
SLF4J: Defaulting to no-operation (NOP) logger implementation
SLF4J: See https://www.slf4j.org/codes.html#noProviders for further details.
Starting ChromeDriver 123.0.6312.58 (6b4b19e9dfbb93aa414dc045bd445287977d8d7a-refs/branch-heads/6312_46@{#3}) on port 16700
Only local connections are allowed.
Please see https://chromedriver.chromium.org/security-considerations for suggestions on keeping ChromeDriver safe.
ChromeDriver was started successfully.
1712935440109	geckodriver	INFO	Listening on 127.0.0.1:47626
1712935440149	mozrunner::runner	INFO	Running command: MOZ_CRASHREPORTER="1" MOZ_CRASHREPORTER_NO_REPORT="1" MOZ_CRASHREPORTER_SHUTDOWN="1" MOZ_NO_REMOTE="1" "/App ... "--marionette" "-foreground" "-no-remote" "-profile" "/var/folders/l6/6wms2f053xnf6tg9y1d_07c00000gn/T/rust_mozprofileL9pTMp"
console.warn: services.settings: Ignoring preference override of remote settings server
console.warn: services.settings: Allow by setting MOZ_REMOTE_SETTINGS_DEVTOOLS=1 in the environment
2024-04-12 11:24:00.533 firefox-bin[35828:1612805] WARNING: Secure coding is not enabled for restorable state! Enable secure coding by implementing NSApplicationDelegate.applicationSupportsSecureRestorableState: and returning YES.
1712935440824	Marionette	INFO	Marionette enabled
1712935441149	Marionette	INFO	Listening on port 59287
Read port: 59287
1712935441354	RemoteAgent	WARN	TLS certificate errors will be ignored for this session
Apr 12, 2024 11:24:02 AM org.openqa.selenium.remote.ProtocolHandshake createSession
INFO: Detected dialect: W3C
console.warn: LoginRecipes: "Falling back to a synchronous message for: https://selenium-prd.firebaseapp.com."
]]></system-err>
  </testcase>
  <testcase name="login" classname="com.training.testcases.LoginTest" time="1.885">
    <system-out><![CDATA[*** Test Suite FirefoxTest ending ***
2024-04-12 11:24:16 INFO  Log:17 - ****************           -S-T-A-R-T-TestCheck1       ****************
*** Running test method login...
2024-04-12 11:24:16 INFO  Log:31 - I am Logging in....
2024-04-12 11:24:17 INFO  Log:31 - Now,I am logged in
*** Executed login test successfully...
]]></system-out>
    <system-err><![CDATA[1712935450840	Marionette	INFO	Stopped listening on port 59429
JavaScript error: resource://services-settings/Utils.sys.mjs, line 229: TypeError: NetworkError: Network request failed
Apr 12, 2024 11:24:15 AM org.openqa.selenium.remote.ProtocolHandshake createSession
INFO: Detected dialect: W3C
]]></system-err>
  </testcase>
  <testcase name="loginandclickonhometab" classname="com.training.testcases.LoginTest" time="1.071">
    <system-out><![CDATA[2024-04-12 11:24:09 INFO  Log:17 - ****************           -S-T-A-R-T-TestCheck1       ****************
*** Running test method loginandclickonhometab...
*** Executed loginandclickonhometab test successfully...
]]></system-out>
    <system-err><![CDATA[1712935445298	Marionette	INFO	Stopped listening on port 59287
1712935446254	geckodriver	INFO	Listening on 127.0.0.1:5639
1712935446294	mozrunner::runner	INFO	Running command: MOZ_CRASHREPORTER="1" MOZ_CRASHREPORTER_NO_REPORT="1" MOZ_CRASHREPORTER_SHUTDOWN="1" MOZ_NO_REMOTE="1" "/App ... "--marionette" "-foreground" "-no-remote" "-profile" "/var/folders/l6/6wms2f053xnf6tg9y1d_07c00000gn/T/rust_mozprofileCNSyaW"
console.warn: services.settings: Ignoring preference override of remote settings server
console.warn: services.settings: Allow by setting MOZ_REMOTE_SETTINGS_DEVTOOLS=1 in the environment
1712935446744	Marionette	INFO	Marionette enabled
2024-04-12 11:24:06.964 firefox-bin[35846:1613575] WARNING: Secure coding is not enabled for restorable state! Enable secure coding by implementing NSApplicationDelegate.applicationSupportsSecureRestorableState: and returning YES.
1712935447077	Marionette	INFO	Listening on port 59429
Read port: 59429
1712935447229	RemoteAgent	WARN	TLS certificate errors will be ignored for this session
Apr 12, 2024 11:24:08 AM org.openqa.selenium.remote.ProtocolHandshake createSession
INFO: Detected dialect: W3C
console.warn: LoginRecipes: "Falling back to a synchronous message for: https://selenium-prd.firebaseapp.com."
]]></system-err>
  </testcase>
  <testcase name="loginandclickonhometab" classname="com.training.testcases.LoginTest" time="1.936">
    <system-out><![CDATA[2024-04-12 11:24:23 INFO  Log:17 - ****************           -S-T-A-R-T-TestCheck1       ****************
*** Running test method loginandclickonhometab...
*** Executed loginandclickonhometab test successfully...
]]></system-out>
    <system-err><![CDATA[Starting ChromeDriver 123.0.6312.58 (6b4b19e9dfbb93aa414dc045bd445287977d8d7a-refs/branch-heads/6312_46@{#3}) on port 29787
Only local connections are allowed.
Please see https://chromedriver.chromium.org/security-considerations for suggestions on keeping ChromeDriver safe.
ChromeDriver was started successfully.
Apr 12, 2024 11:24:23 AM org.openqa.selenium.remote.ProtocolHandshake createSession
INFO: Detected dialect: W3C
]]></system-err>
  </testcase>
</testsuite>