<?xml version="1.0" encoding="UTF-8"?>
<testng-results ignored="0" total="2" passed="2" failed="0" skipped="0">
  <reporter-output>
  </reporter-output>
  <suite started-at="2024-07-17T21:02:32 EDT" name="Suite" finished-at="2024-07-17T21:02:44 EDT" duration-ms="12745">
    <groups>
    </groups>
    <test started-at="2024-07-17T21:02:32 EDT" name="Test" finished-at="2024-07-17T21:02:44 EDT" duration-ms="12745">
      <class name="com.training.testcases.LoginTest">
        <test-method is-config="true" signature="beforemethod(java.lang.String)[pri:0, instance:com.training.testcases.LoginTest@4d5650ae]" started-at="2024-07-17T21:02:32 EDT" name="beforemethod" finished-at="2024-07-17T21:02:38 EDT" duration-ms="6213" status="PASS">
          <params>
            <param index="0">
              <value>
                <![CDATA[firefox]]>
              </value>
            </param>
          </params>
          <reporter-output>
          </reporter-output>
        </test-method> <!-- beforemethod -->
        <test-method signature="login()[pri:0, instance:com.training.testcases.LoginTest@4d5650ae]" started-at="2024-07-17T21:02:38 EDT" name="login" finished-at="2024-07-17T21:02:39 EDT" duration-ms="1132" status="PASS">
          <reporter-output>
          </reporter-output>
        </test-method> <!-- login -->
        <test-method is-config="true" signature="teardown()[pri:0, instance:com.training.testcases.LoginTest@4d5650ae]" started-at="2024-07-17T21:02:39 EDT" name="teardown" finished-at="2024-07-17T21:02:40 EDT" duration-ms="842" status="PASS">
          <reporter-output>
          </reporter-output>
        </test-method> <!-- teardown -->
        <test-method is-config="true" signature="beforemethod(java.lang.String)[pri:0, instance:com.training.testcases.LoginTest@4d5650ae]" started-at="2024-07-17T21:02:40 EDT" name="beforemethod" finished-at="2024-07-17T21:02:43 EDT" duration-ms="2705" status="PASS">
          <params>
            <param index="0">
              <value>
                <![CDATA[firefox]]>
              </value>
            </param>
          </params>
          <reporter-output>
          </reporter-output>
        </test-method> <!-- beforemethod -->
        <test-method signature="loginandclickonhometab()[pri:0, instance:com.training.testcases.LoginTest@4d5650ae]" started-at="2024-07-17T21:02:43 EDT" name="loginandclickonhometab" finished-at="2024-07-17T21:02:44 EDT" duration-ms="1071" status="PASS">
          <reporter-output>
          </reporter-output>
        </test-method> <!-- loginandclickonhometab -->
        <test-method is-config="true" signature="teardown()[pri:0, instance:com.training.testcases.LoginTest@4d5650ae]" started-at="2024-07-17T21:02:44 EDT" name="teardown" finished-at="2024-07-17T21:02:44 EDT" duration-ms="722" status="PASS">
          <reporter-output>
          </reporter-output>
        </test-method> <!-- teardown -->
      </class> <!-- com.training.testcases.LoginTest -->
    </test> <!-- Test -->
  </suite> <!-- Suite -->
</testng-results>
