<?xml version="1.0" encoding="UTF-8"?>
<testng-results ignored="0" total="4" passed="4" failed="0" skipped="0">
  <reporter-output>
  </reporter-output>
  <suite started-at="2024-07-15T13:31:40 EDT" name="CrossBrowser" finished-at="2024-07-15T13:32:00 EDT" duration-ms="19772">
    <groups>
    </groups>
    <test started-at="2024-07-15T13:31:40 EDT" name="FirefoxTest" finished-at="2024-07-15T13:31:53 EDT" duration-ms="12756">
      <class name="com.training.testcases.LoginTest">
        <test-method is-config="true" signature="beforemethod(java.lang.String)[pri:0, instance:com.training.testcases.LoginTest@4a83a74a]" started-at="2024-07-15T13:31:40 EDT" name="beforemethod" finished-at="2024-07-15T13:31:46 EDT" duration-ms="5533" status="PASS">
          <params>
            <param index="0">
              <value>
                <![CDATA[firefox]]>
              </value>
            </param>
          </params>
          <reporter-output>
          </reporter-output>
        </test-method> <!-- beforemethod -->
        <test-method signature="login()[pri:0, instance:com.training.testcases.LoginTest@4a83a74a]" started-at="2024-07-15T13:31:46 EDT" name="login" finished-at="2024-07-15T13:31:48 EDT" duration-ms="1600" status="PASS">
          <reporter-output>
          </reporter-output>
        </test-method> <!-- login -->
        <test-method is-config="true" signature="teardown()[pri:0, instance:com.training.testcases.LoginTest@4a83a74a]" started-at="2024-07-15T13:31:48 EDT" name="teardown" finished-at="2024-07-15T13:31:49 EDT" duration-ms="910" status="PASS">
          <reporter-output>
          </reporter-output>
        </test-method> <!-- teardown -->
        <test-method is-config="true" signature="beforemethod(java.lang.String)[pri:0, instance:com.training.testcases.LoginTest@4a83a74a]" started-at="2024-07-15T13:31:49 EDT" name="beforemethod" finished-at="2024-07-15T13:31:51 EDT" duration-ms="2827" status="PASS">
          <params>
            <param index="0">
              <value>
                <![CDATA[firefox]]>
              </value>
            </param>
          </params>
          <reporter-output>
          </reporter-output>
        </test-method> <!-- beforemethod -->
        <test-method signature="loginandclickonhometab()[pri:0, instance:com.training.testcases.LoginTest@4a83a74a]" started-at="2024-07-15T13:31:51 EDT" name="loginandclickonhometab" finished-at="2024-07-15T13:31:52 EDT" duration-ms="1080" status="PASS">
          <reporter-output>
          </reporter-output>
        </test-method> <!-- loginandclickonhometab -->
        <test-method is-config="true" signature="teardown()[pri:0, instance:com.training.testcases.LoginTest@4a83a74a]" started-at="2024-07-15T13:31:52 EDT" name="teardown" finished-at="2024-07-15T13:31:53 EDT" duration-ms="720" status="PASS">
          <reporter-output>
          </reporter-output>
        </test-method> <!-- teardown -->
      </class> <!-- com.training.testcases.LoginTest -->
    </test> <!-- FirefoxTest -->
    <test started-at="2024-07-15T13:31:40 EDT" name="ChromeTest" finished-at="2024-07-15T13:32:00 EDT" duration-ms="19772">
      <class name="com.training.testcases.LoginTest">
        <test-method is-config="true" signature="beforemethod(java.lang.String)[pri:0, instance:com.training.testcases.LoginTest@6fdbe764]" started-at="2024-07-15T13:31:40 EDT" name="beforemethod" finished-at="2024-07-15T13:31:49 EDT" duration-ms="8762" status="PASS">
          <params>
            <param index="0">
              <value>
                <![CDATA[chrome]]>
              </value>
            </param>
          </params>
          <reporter-output>
          </reporter-output>
        </test-method> <!-- beforemethod -->
        <test-method signature="login()[pri:0, instance:com.training.testcases.LoginTest@6fdbe764]" started-at="2024-07-15T13:31:49 EDT" name="login" finished-at="2024-07-15T13:31:52 EDT" duration-ms="2665" status="PASS">
          <reporter-output>
          </reporter-output>
        </test-method> <!-- login -->
        <test-method is-config="true" signature="teardown()[pri:0, instance:com.training.testcases.LoginTest@6fdbe764]" started-at="2024-07-15T13:31:52 EDT" name="teardown" finished-at="2024-07-15T13:31:52 EDT" duration-ms="365" status="PASS">
          <reporter-output>
          </reporter-output>
        </test-method> <!-- teardown -->
        <test-method is-config="true" signature="beforemethod(java.lang.String)[pri:0, instance:com.training.testcases.LoginTest@6fdbe764]" started-at="2024-07-15T13:31:52 EDT" name="beforemethod" finished-at="2024-07-15T13:31:58 EDT" duration-ms="5352" status="PASS">
          <params>
            <param index="0">
              <value>
                <![CDATA[chrome]]>
              </value>
            </param>
          </params>
          <reporter-output>
          </reporter-output>
        </test-method> <!-- beforemethod -->
        <test-method signature="loginandclickonhometab()[pri:0, instance:com.training.testcases.LoginTest@6fdbe764]" started-at="2024-07-15T13:31:58 EDT" name="loginandclickonhometab" finished-at="2024-07-15T13:32:00 EDT" duration-ms="2204" status="PASS">
          <reporter-output>
          </reporter-output>
        </test-method> <!-- loginandclickonhometab -->
        <test-method is-config="true" signature="teardown()[pri:0, instance:com.training.testcases.LoginTest@6fdbe764]" started-at="2024-07-15T13:32:00 EDT" name="teardown" finished-at="2024-07-15T13:32:00 EDT" duration-ms="360" status="PASS">
          <reporter-output>
          </reporter-output>
        </test-method> <!-- teardown -->
      </class> <!-- com.training.testcases.LoginTest -->
    </test> <!-- ChromeTest -->
  </suite> <!-- CrossBrowser -->
</testng-results>
